<?xml version="1.0" encoding="UTF-8"?>
<!-- Generated by org.testng.reporters.JUnitReportReporter -->
<testsuite hostname="Vaishnavis-MacBook-Pro.local" failures="0" tests="2" name="com.aapoon.test.loginTest" time="35.955" errors="0" timestamp="2024-02-16T10:21:09 IST" skipped="0">
  <testcase classname="com.aapoon.test.loginTest" name="invalidlogin" time="13.242"/>
  <testcase classname="com.aapoon.test.loginTest" name="Validlogin" time="22.713"/>
</testsuite> <!-- com.aapoon.test.loginTest -->
