<?xml version="1.0" encoding="UTF-8"?>
<!-- Generated by org.testng.reporters.JUnitReportReporter -->
<testsuite hostname="Vaishnavis-MacBook-Pro.local" failures="0" tests="1" name="com.voltus.iostest.SampleTest" time="0.006" errors="0" timestamp="2024-02-10T22:21:35 IST" skipped="0">
  <testcase classname="com.voltus.iostest.SampleTest" name="sampletest" time="0.006"/>
</testsuite> <!-- com.voltus.iostest.SampleTest -->
