<?xml version="1.0" encoding="UTF-8"?>
<!-- Generated by org.testng.reporters.JUnitReportReporter -->
<testsuite hostname="Vaishnavis-MacBook-Pro.local" failures="0" tests="2" name="com.voltus.test.loginTest" time="23.079" errors="0" timestamp="2024-02-12T19:16:28 IST" skipped="0">
  <testcase classname="com.voltus.test.loginTest" name="Validlogin" time="10.221"/>
  <testcase classname="com.voltus.test.loginTest" name="invalidlogin" time="12.858"/>
</testsuite> <!-- com.voltus.test.loginTest -->
