<?xml version="1.0" encoding="UTF-8"?>
<!-- Generated by org.testng.reporters.JUnitReportReporter -->
<testsuite hostname="Vaishnavis-MacBook-Pro.local" failures="0" tests="2" name="com.aapoon.test.loginTest" time="21.979" errors="0" timestamp="2024-02-13T12:02:02 IST" skipped="0">
  <testcase classname="com.aapoon.test.loginTest" name="Validlogin" time="10.300"/>
  <testcase classname="com.aapoon.test.loginTest" name="invalidlogin" time="11.679"/>
</testsuite> <!-- com.aapoon.test.loginTest -->
